<?xml version="1.0" encoding="UTF-8"?>
<testsuite name="Cucumber" time="7.916" tests="2" skipped="0" failures="0" errors="0">
<testcase classname="Check login functionality using hooks" name="Check login is successful with valid credentials" time="5.471">
<system-out><![CDATA[
Given user is on login page.................................................passed
When user enters valid username and password................................passed
And clicks on login button..................................................passed
Then user is navigated to the home page.....................................passed
]]></system-out>
</testcase>
<testcase classname="Check login functionality using hooks" name="Check login is successful with valid credentials" time="2.308">
<system-out><![CDATA[
Given user is on login page.................................................passed
When user enters valid username and password................................passed
And clicks on login button..................................................passed
Then user is navigated to the home page.....................................passed
]]></system-out>
</testcase>
</testsuite>
